<?xml version="1.0" encoding="UTF-8"?>
<testsuite xmlns:xsi="http://www.w3.org/2001/XMLSchema-instance" xsi:noNamespaceSchemaLocation="https://maven.apache.org/surefire/maven-surefire-plugin/xsd/surefire-test-report.xsd" name="TestSuite" time="6.271" tests="12" errors="0" skipped="0" failures="3">
  <properties>
[...]
</properties>
  <testcase name="addValidFractionsForProfile_FractionSumIsCorrect" classname="tests.fractions.AddInvalidFractionsTest" time="0.347"/>
  <testcase name="addValidFractionsForProfile_FractionSumIsCorrect" classname="tests.fractions.AddValidFractionsTest" time="0.322"/>
  <testcase name="deleteFractionsForSpecificProfile_fractionsDeleted" classname="tests.fractions.DeleteFractionsTest" time="0.055"/>
  <testcase name="getFractionsForProfile_allFractionsPresent" classname="tests.fractions.GetFractionsForProfileTest" time="0.02"/>
  <testcase name="addIncompleteDataForMonths_validationErrorThrown" classname="tests.fractions.IncompleteFractionDataMonthsTest" time="0.046"/>
  <testcase name="updateFractionsForNonExistingProfile_errorIsThrown" classname="tests.fractions.UpdateFractionsNonExistingProfileTest" time="0.045"/>
  <testcase name="updateFractionsForExistingProfile_fractionsUpdated" classname="tests.fractions.UpdateFractionsExistingProfileTest" time="0.085"/>
  <testcase name="addMeterReadingsForSpecificProfile_meterReadingsAdded" classname="tests.meterreadings.AddMeterReadingsForExistingProfileTest" time="0.031">
    <failure message="[Incorrect validation message] &#10;Expecting:&#10; &lt;&quot;Validation error :  Expected consumption for profile A and month JAN is between 289.575-482.62499999999994 but current consumption is 54&#10;&quot;&gt;&#10;to contain:&#10; &lt;&quot;Success&quot;&gt; " type="java.lang.AssertionError"><![CDATA[java.lang.AssertionError: 
[Incorrect validation message] 
Expecting:
 <"Validation error :  Expected consumption for profile A and month JAN is between 289.575-482.62499999999994 but current consumption is 54
">
to contain:
 <"Success"> 
	at tests.meterreadings.AddMeterReadingsForExistingProfileTest.addMeterReadingsForSpecificProfile_meterReadingsAdded(AddMeterReadingsForExistingProfileTest.java:84)
]]></failure>
    <system-out><![CDATA[HTTP/1.1 200 
Content-Type: text/plain;charset=UTF-8
Content-Length: 7
Date: Mon, 05 Mar 2018 18:03:07 GMT

Success
HTTP/1.1 200 
Content-Type: text/plain;charset=UTF-8
Content-Length: 7
Date: Mon, 05 Mar 2018 18:03:07 GMT

Success
HTTP/1.1 200 
Content-Type: text/plain;charset=UTF-8
Content-Length: 7
Date: Mon, 05 Mar 2018 18:03:07 GMT

Success
HTTP/1.1 200 
Content-Type: text/plain;charset=UTF-8
Content-Length: 138
Date: Mon, 05 Mar 2018 18:03:07 GMT

Validation error :  Expected consumption for profile A and month JAN is between 289.575-482.62499999999994 but current consumption is 54

]]></system-out>
  </testcase>
  <testcase name="addFractionsForNonExistingProfile_errorMessageThrown" classname="tests.meterreadings.AddMeterReadingsForNonExistingProfileTest" time="0.032">
    <failure message="[Status code must be 400] expected:&lt;[4]00&gt; but was:&lt;[2]00&gt;" type="org.junit.ComparisonFailure"><![CDATA[org.junit.ComparisonFailure: [Status code must be 400] expected:<[4]00> but was:<[2]00>
	at tests.meterreadings.AddMeterReadingsForNonExistingProfileTest.addFractionsForNonExistingProfile_errorMessageThrown(AddMeterReadingsForNonExistingProfileTest.java:67)
]]></failure>
    <system-out><![CDATA[HTTP/1.1 200 
Content-Type: text/plain;charset=UTF-8
Content-Length: 7
Date: Mon, 05 Mar 2018 18:03:07 GMT

Success
HTTP/1.1 200 
Content-Type: text/plain;charset=UTF-8
Content-Length: 7
Date: Mon, 05 Mar 2018 18:03:07 GMT

Success
HTTP/1.1 200 
Content-Type: text/plain;charset=UTF-8
Content-Length: 7
Date: Mon, 05 Mar 2018 18:03:07 GMT

Success
HTTP/1.1 200 
Content-Type: text/plain;charset=UTF-8
Content-Length: 85
Date: Mon, 05 Mar 2018 18:03:07 GMT

There is no data for profile A
Validation error :  No fraction found for profile A

]]></system-out>
  </testcase>
  <testcase name="deleteMeterReadingsForProfile_meterReadingsDeleted" classname="tests.meterreadings.DeleteMeterRaadingsForProfileTest" time="0.018"/>
  <testcase name="getMeterReadingsForProfile_meterReadingsRetrieved" classname="tests.meterreadings.GetMeterReadingsForProfileTest" time="0.031"/>
  <testcase name="addIncompleteMeterReadingData_validationErrorThrown" classname="tests.meterreadings.IncompleteMeterReadingMonthsTest" time="0.031">
    <failure message="[Status code must be 400] expected:&lt;[4]00&gt; but was:&lt;[2]00&gt;" type="org.junit.ComparisonFailure"><![CDATA[org.junit.ComparisonFailure: [Status code must be 400] expected:<[4]00> but was:<[2]00>
	at tests.meterreadings.IncompleteMeterReadingMonthsTest.addIncompleteMeterReadingData_validationErrorThrown(IncompleteMeterReadingMonthsTest.java:78)
]]></failure>
    <system-out><![CDATA[HTTP/1.1 200 
Content-Type: text/plain;charset=UTF-8
Content-Length: 7
Date: Mon, 05 Mar 2018 18:03:07 GMT

Success
HTTP/1.1 200 
Content-Type: text/plain;charset=UTF-8
Content-Length: 7
Date: Mon, 05 Mar 2018 18:03:07 GMT

Success
HTTP/1.1 200 
Content-Type: text/plain;charset=UTF-8
Content-Length: 7
Date: Mon, 05 Mar 2018 18:03:07 GMT

Success
HTTP/1.1 200 
Content-Type: text/plain;charset=UTF-8
Content-Length: 7
Date: Mon, 05 Mar 2018 18:03:07 GMT

Success
HTTP/1.1 200 
Content-Type: text/plain;charset=UTF-8
Content-Length: 50
Date: Mon, 05 Mar 2018 18:03:07 GMT

Validation error : Profile A must have 12 months

]]></system-out>
  </testcase>
</testsuite>