<?xml version="1.0" encoding="UTF-8"?>
<testng-results skipped="0" failed="0" total="1" passed="1">
  <reporter-output>
  </reporter-output>
  <suite name="Default suite" duration-ms="2286" started-at="2018-03-05T17:57:26Z" finished-at="2018-03-05T17:57:29Z">
    <groups>
    </groups>
    <test name="Default test" duration-ms="2286" started-at="2018-03-05T17:57:26Z" finished-at="2018-03-05T17:57:29Z">
      <class name="tests.meterreadings.GetMeterReadingsForProfile">
        <test-method status="PASS" signature="dataPreparation()[pri:0, instance:tests.meterreadings.GetMeterReadingsForProfile@1835d3ed]" name="dataPreparation" is-config="true" duration-ms="1564" started-at="2018-03-05T18:57:26Z" finished-at="2018-03-05T18:57:28Z">
          <reporter-output>
          </reporter-output>
        </test-method> <!-- dataPreparation -->
        <test-method status="PASS" signature="getMeterReadingsForProfile_meterReadingsRetrieved()[pri:0, instance:tests.meterreadings.GetMeterReadingsForProfile@1835d3ed]" name="getMeterReadingsForProfile_meterReadingsRetrieved" duration-ms="570" started-at="2018-03-05T18:57:28Z" finished-at="2018-03-05T18:57:29Z">
          <reporter-output>
          </reporter-output>
        </test-method> <!-- getMeterReadingsForProfile_meterReadingsRetrieved -->
        <test-method status="PASS" signature="dataDeletion()[pri:0, instance:tests.meterreadings.GetMeterReadingsForProfile@1835d3ed]" name="dataDeletion" is-config="true" duration-ms="87" started-at="2018-03-05T18:57:29Z" finished-at="2018-03-05T18:57:29Z">
          <reporter-output>
          </reporter-output>
        </test-method> <!-- dataDeletion -->
      </class> <!-- tests.meterreadings.GetMeterReadingsForProfile -->
    </test> <!-- Default test -->
  </suite> <!-- Default suite -->
</testng-results>
