<?xml version="1.0" encoding="UTF-8"?>
<!-- Generated by org.testng.reporters.JUnitXMLReporter -->
<testsuite hostname="Marko-PC" name="Fractions" tests="7" failures="0" timestamp="5 Mar 2018 18:03:07 GMT" time="2.726" errors="0">
  <testcase name="addValidFractionsForProfile_FractionSumIsCorrect" time="0.331" classname="tests.fractions.AddInvalidFractionsTest"/>
  <testcase name="addValidFractionsForProfile_FractionSumIsCorrect" time="0.326" classname="tests.fractions.AddValidFractionsTest"/>
  <testcase name="deleteFractionsForSpecificProfile_fractionsDeleted" time="0.06" classname="tests.fractions.DeleteFractionsTest"/>
  <testcase name="getFractionsForProfile_allFractionsPresent" time="0.02" classname="tests.fractions.GetFractionsForProfileTest"/>
  <testcase name="addIncompleteDataForMonths_validationErrorThrown" time="0.047" classname="tests.fractions.IncompleteFractionDataMonthsTest"/>
  <testcase name="updateFractionsForNonExistingProfile_errorIsThrown" time="0.045" classname="tests.fractions.UpdateFractionsNonExistingProfileTest"/>
  <testcase name="updateFractionsForExistingProfile_fractionsUpdated" time="0.085" classname="tests.fractions.UpdateFractionsExistingProfileTest"/>
</testsuite> <!-- Fractions -->
